# JRE version: OpenJDK Runtime Environment (8.0_202-b03) (build 1.8.0_202-release-1483-b03)
# Java VM: OpenJDK 64-Bit Server VM (25.202-b03 mixed mode windows-amd64 compressed oops)
Heap:
 PSYoungGen      total 233472K, used 134304K [0x00000000e0000000, 0x00000000f2c80000, 0x0000000100000000)
  eden space 210432K, 52% used [0x00000000e0000000,0x00000000e6cabb40,0x00000000ecd80000)
  from space 23040K, 99% used [0x00000000ecd80000,0x00000000ee3fc508,0x00000000ee400000)
  to   space 29184K, 0% used [0x00000000f1000000,0x00000000f1000000,0x00000000f2c80000)
 ParOldGen       total 123904K, used 35428K [0x00000000a0000000, 0x00000000a7900000, 0x00000000e0000000)
  object space 123904K, 28% used [0x00000000a0000000,0x00000000a22992d8,0x00000000a7900000)
 Metaspace       used 84453K, capacity 88932K, committed 89048K, reserved 1126400K
  class space    used 11343K, capacity 12187K, committed 12288K, reserved 1048576K
GC Heap History (10 events):
Event: 9.524 GC heap before
{Heap before GC invocations=14 (full 2):
 PSYoungGen      total 158208K, used 27644K [0x00000000e0000000, 0x00000000ecf80000, 0x0000000100000000)
  eden space 143872K, 9% used [0x00000000e0000000,0x00000000e0cff738,0x00000000e8c80000)
  from space 14336K, 99% used [0x00000000e8c80000,0x00000000e9a7fa68,0x00000000e9a80000)
  to   space 18432K, 0% used [0x00000000ebd80000,0x00000000ebd80000,0x00000000ecf80000)
 ParOldGen       total 87552K, used 27338K [0x00000000a0000000, 0x00000000a5580000, 0x00000000e0000000)
  object space 87552K, 31% used [0x00000000a0000000,0x00000000a1ab28f8,0x00000000a5580000)
 Metaspace       used 56883K, capacity 58952K, committed 59028K, reserved 1099776K
  class space    used 7806K, capacity 8247K, committed 8320K, reserved 1048576K
Event: 9.531 GC heap after
Heap after GC invocations=14 (full 2):
 PSYoungGen      total 193536K, used 992K [0x00000000e0000000, 0x00000000ee680000, 0x0000000100000000)
  eden space 175104K, 0% used [0x00000000e0000000,0x00000000e0000000,0x00000000eab00000)
  from space 18432K, 5% used [0x00000000ebd80000,0x00000000ebe78000,0x00000000ecf80000)
  to   space 18944K, 0% used [0x00000000eab00000,0x00000000eab00000,0x00000000ebd80000)
 ParOldGen       total 87552K, used 33147K [0x00000000a0000000, 0x00000000a5580000, 0x00000000e0000000)
  object space 87552K, 37% used [0x00000000a0000000,0x00000000a205edc0,0x00000000a5580000)
 Metaspace       used 56883K, capacity 58952K, committed 59028K, reserved 1099776K
  class space    used 7806K, capacity 8247K, committed 8320K, reserved 1048576K
}
Event: 9.531 GC heap before
{Heap before GC invocations=15 (full 3):
 PSYoungGen      total 193536K, used 992K [0x00000000e0000000, 0x00000000ee680000, 0x0000000100000000)
  eden space 175104K, 0% used [0x00000000e0000000,0x00000000e0000000,0x00000000eab00000)
  from space 18432K, 5% used [0x00000000ebd80000,0x00000000ebe78000,0x00000000ecf80000)
  to   space 18944K, 0% used [0x00000000eab00000,0x00000000eab00000,0x00000000ebd80000)
 ParOldGen       total 87552K, used 33147K [0x00000000a0000000, 0x00000000a5580000, 0x00000000e0000000)
  object space 87552K, 37% used [0x00000000a0000000,0x00000000a205edc0,0x00000000a5580000)
 Metaspace       used 56883K, capacity 58952K, committed 59028K, reserved 1099776K
  class space    used 7806K, capacity 8247K, committed 8320K, reserved 1048576K
Event: 9.780 GC heap after
Heap after GC invocations=15 (full 3):
 PSYoungGen      total 193536K, used 0K [0x00000000e0000000, 0x00000000ee680000, 0x0000000100000000)
  eden space 175104K, 0% used [0x00000000e0000000,0x00000000e0000000,0x00000000eab00000)
  from space 18432K, 0% used [0x00000000ebd80000,0x00000000ebd80000,0x00000000ecf80000)
  to   space 18944K, 0% used [0x00000000eab00000,0x00000000eab00000,0x00000000ebd80000)
 ParOldGen       total 123904K, used 28423K [0x00000000a0000000, 0x00000000a7900000, 0x00000000e0000000)
  object space 123904K, 22% used [0x00000000a0000000,0x00000000a1bc1df0,0x00000000a7900000)
 Metaspace       used 56587K, capacity 58086K, committed 59028K, reserved 1099776K
  class space    used 7718K, capacity 8090K, committed 8320K, reserved 1048576K
}
Event: 60.320 GC heap before
{Heap before GC invocations=16 (full 3):
 PSYoungGen      total 193536K, used 175104K [0x00000000e0000000, 0x00000000ee680000, 0x0000000100000000)
  eden space 175104K, 100% used [0x00000000e0000000,0x00000000eab00000,0x00000000eab00000)
  from space 18432K, 0% used [0x00000000ebd80000,0x00000000ebd80000,0x00000000ecf80000)
  to   space 18944K, 0% used [0x00000000eab00000,0x00000000eab00000,0x00000000ebd80000)
 ParOldGen       total 123904K, used 28423K [0x00000000a0000000, 0x00000000a7900000, 0x00000000e0000000)
  object space 123904K, 22% used [0x00000000a0000000,0x00000000a1bc1df0,0x00000000a7900000)
 Metaspace       used 63224K, capacity 65188K, committed 65368K, reserved 1105920K
  class space    used 8356K, capacity 8831K, committed 8832K, reserved 1048576K
Event: 60.339 GC heap after
Heap after GC invocations=16 (full 3):
 PSYoungGen      total 194048K, used 15173K [0x00000000e0000000, 0x00000000efb80000, 0x0000000100000000)
  eden space 175104K, 0% used [0x00000000e0000000,0x00000000e0000000,0x00000000eab00000)
  from space 18944K, 80% used [0x00000000eab00000,0x00000000eb9d1490,0x00000000ebd80000)
  to   space 20480K, 0% used [0x00000000ee780000,0x00000000ee780000,0x00000000efb80000)
 ParOldGen       total 123904K, used 28431K [0x00000000a0000000, 0x00000000a7900000, 0x00000000e0000000)
  object space 123904K, 22% used [0x00000000a0000000,0x00000000a1bc3df0,0x00000000a7900000)
 Metaspace       used 63224K, capacity 65188K, committed 65368K, reserved 1105920K
  class space    used 8356K, capacity 8831K, committed 8832K, reserved 1048576K
}
Event: 65.666 GC heap before
{Heap before GC invocations=17 (full 3):
 PSYoungGen      total 194048K, used 190277K [0x00000000e0000000, 0x00000000efb80000, 0x0000000100000000)
  eden space 175104K, 100% used [0x00000000e0000000,0x00000000eab00000,0x00000000eab00000)
  from space 18944K, 80% used [0x00000000eab00000,0x00000000eb9d1490,0x00000000ebd80000)
  to   space 20480K, 0% used [0x00000000ee780000,0x00000000ee780000,0x00000000efb80000)
 ParOldGen       total 123904K, used 28431K [0x00000000a0000000, 0x00000000a7900000, 0x00000000e0000000)
  object space 123904K, 22% used [0x00000000a0000000,0x00000000a1bc3df0,0x00000000a7900000)
 Metaspace       used 69501K, capacity 71690K, committed 71896K, reserved 1112064K
  class space    used 9160K, capacity 9678K, committed 9728K, reserved 1048576K
Event: 65.682 GC heap after
Heap after GC invocations=17 (full 3):
 PSYoungGen      total 229888K, used 18932K [0x00000000e0000000, 0x00000000efa80000, 0x0000000100000000)
  eden space 210432K, 0% used [0x00000000e0000000,0x00000000e0000000,0x00000000ecd80000)
  from space 19456K, 97% used [0x00000000ee780000,0x00000000ef9fd0c0,0x00000000efa80000)
  to   space 23040K, 0% used [0x00000000ecd80000,0x00000000ecd80000,0x00000000ee400000)
 ParOldGen       total 123904K, used 28439K [0x00000000a0000000, 0x00000000a7900000, 0x00000000e0000000)
  object space 123904K, 22% used [0x00000000a0000000,0x00000000a1bc5df0,0x00000000a7900000)
 Metaspace       used 69501K, capacity 71690K, committed 71896K, reserved 1112064K
  class space    used 9160K, capacity 9678K, committed 9728K, reserved 1048576K
}
Event: 68.909 GC heap before
{Heap before GC invocations=18 (full 3):
 PSYoungGen      total 229888K, used 229364K [0x00000000e0000000, 0x00000000efa80000, 0x0000000100000000)
  eden space 210432K, 100% used [0x00000000e0000000,0x00000000ecd80000,0x00000000ecd80000)
  from space 19456K, 97% used [0x00000000ee780000,0x00000000ef9fd0c0,0x00000000efa80000)
  to   space 23040K, 0% used [0x00000000ecd80000,0x00000000ecd80000,0x00000000ee400000)
 ParOldGen       total 123904K, used 28439K [0x00000000a0000000, 0x00000000a7900000, 0x00000000e0000000)
  object space 123904K, 22% used [0x00000000a0000000,0x00000000a1bc5df0,0x00000000a7900000)
 Metaspace       used 79769K, capacity 83614K, committed 83800K, reserved 1122304K
  class space    used 10547K, capacity 11276K, committed 11392K, reserved 1048576K
Event: 68.946 GC heap after
Heap after GC invocations=18 (full 3):
 PSYoungGen      total 233472K, used 23025K [0x00000000e0000000, 0x00000000f2c80000, 0x0000000100000000)
  eden space 210432K, 0% used [0x00000000e0000000,0x00000000e0000000,0x00000000ecd80000)
  from space 23040K, 99% used [0x00000000ecd80000,0x00000000ee3fc508,0x00000000ee400000)
  to   space 29184K, 0% used [0x00000000f1000000,0x00000000f1000000,0x00000000f2c80000)
 ParOldGen       total 123904K, used 35428K [0x00000000a0000000, 0x00000000a7900000, 0x00000000e0000000)
  object space 123904K, 28% used [0x00000000a0000000,0x00000000a22992d8,0x00000000a7900000)
 Metaspace       used 79769K, capacity 83614K, committed 83800K, reserved 1122304K
  class space    used 10547K, capacity 11276K, committed 11392K, reserved 1048576K
}

