# JRE version: OpenJDK Runtime Environment (8.0_202-b03) (build 1.8.0_202-release-1483-b03)
# Java VM: OpenJDK 64-Bit Server VM (25.202-b03 mixed mode windows-amd64 compressed oops)
Heap:
 PSYoungGen      total 75776K, used 39643K [0x00000000e0000000, 0x00000000e5400000, 0x0000000100000000)
  eden space 65536K, 48% used [0x00000000e0000000,0x00000000e1ecec30,0x00000000e4000000)
  from space 10240K, 79% used [0x00000000e4000000,0x00000000e47e8280,0x00000000e4a00000)
  to   space 10240K, 0% used [0x00000000e4a00000,0x00000000e4a00000,0x00000000e5400000)
 ParOldGen       total 57856K, used 9124K [0x00000000a0000000, 0x00000000a3880000, 0x00000000e0000000)
  object space 57856K, 15% used [0x00000000a0000000,0x00000000a08e9040,0x00000000a3880000)
 Metaspace       used 30326K, capacity 30886K, committed 31232K, reserved 1077248K
  class space    used 4140K, capacity 4332K, committed 4352K, reserved 1048576K
GC Heap History (10 events):
Event: 2.624 GC heap before
{Heap before GC invocations=4 (full 0):
 PSYoungGen      total 37888K, used 37873K [0x00000000e0000000, 0x00000000e2a00000, 0x0000000100000000)
  eden space 32768K, 100% used [0x00000000e0000000,0x00000000e2000000,0x00000000e2000000)
  from space 5120K, 99% used [0x00000000e2000000,0x00000000e24fc580,0x00000000e2500000)
  to   space 5120K, 0% used [0x00000000e2500000,0x00000000e2500000,0x00000000e2a00000)
 ParOldGen       total 86016K, used 1793K [0x00000000a0000000, 0x00000000a5400000, 0x00000000e0000000)
  object space 86016K, 2% used [0x00000000a0000000,0x00000000a01c04a8,0x00000000a5400000)
 Metaspace       used 15972K, capacity 16384K, committed 16512K, reserved 1062912K
  class space    used 2282K, capacity 2424K, committed 2432K, reserved 1048576K
Event: 2.632 GC heap after
Heap after GC invocations=4 (full 0):
 PSYoungGen      total 37888K, used 5096K [0x00000000e0000000, 0x00000000e4a00000, 0x0000000100000000)
  eden space 32768K, 0% used [0x00000000e0000000,0x00000000e0000000,0x00000000e2000000)
  from space 5120K, 99% used [0x00000000e2500000,0x00000000e29fa100,0x00000000e2a00000)
  to   space 5120K, 0% used [0x00000000e2000000,0x00000000e2000000,0x00000000e2500000)
 ParOldGen       total 86016K, used 4798K [0x00000000a0000000, 0x00000000a5400000, 0x00000000e0000000)
  object space 86016K, 5% used [0x00000000a0000000,0x00000000a04af870,0x00000000a5400000)
 Metaspace       used 15972K, capacity 16384K, committed 16512K, reserved 1062912K
  class space    used 2282K, capacity 2424K, committed 2432K, reserved 1048576K
}
Event: 3.029 GC heap before
{Heap before GC invocations=5 (full 0):
 PSYoungGen      total 37888K, used 37864K [0x00000000e0000000, 0x00000000e4a00000, 0x0000000100000000)
  eden space 32768K, 100% used [0x00000000e0000000,0x00000000e2000000,0x00000000e2000000)
  from space 5120K, 99% used [0x00000000e2500000,0x00000000e29fa100,0x00000000e2a00000)
  to   space 5120K, 0% used [0x00000000e2000000,0x00000000e2000000,0x00000000e2500000)
 ParOldGen       total 86016K, used 4798K [0x00000000a0000000, 0x00000000a5400000, 0x00000000e0000000)
  object space 86016K, 5% used [0x00000000a0000000,0x00000000a04af870,0x00000000a5400000)
 Metaspace       used 18954K, capacity 19528K, committed 19584K, reserved 1067008K
  class space    used 2752K, capacity 2926K, committed 2944K, reserved 1048576K
Event: 3.036 GC heap after
Heap after GC invocations=5 (full 0):
 PSYoungGen      total 37888K, used 5088K [0x00000000e0000000, 0x00000000e5400000, 0x0000000100000000)
  eden space 32768K, 0% used [0x00000000e0000000,0x00000000e0000000,0x00000000e2000000)
  from space 5120K, 99% used [0x00000000e2000000,0x00000000e24f8030,0x00000000e2500000)
  to   space 10240K, 0% used [0x00000000e4a00000,0x00000000e4a00000,0x00000000e5400000)
 ParOldGen       total 86016K, used 8503K [0x00000000a0000000, 0x00000000a5400000, 0x00000000e0000000)
  object space 86016K, 9% used [0x00000000a0000000,0x00000000a084dfc0,0x00000000a5400000)
 Metaspace       used 18954K, capacity 19528K, committed 19584K, reserved 1067008K
  class space    used 2752K, capacity 2926K, committed 2944K, reserved 1048576K
}
Event: 3.184 GC heap before
{Heap before GC invocations=6 (full 0):
 PSYoungGen      total 37888K, used 18608K [0x00000000e0000000, 0x00000000e5400000, 0x0000000100000000)
  eden space 32768K, 41% used [0x00000000e0000000,0x00000000e0d343c8,0x00000000e2000000)
  from space 5120K, 99% used [0x00000000e2000000,0x00000000e24f8030,0x00000000e2500000)
  to   space 10240K, 0% used [0x00000000e4a00000,0x00000000e4a00000,0x00000000e5400000)
 ParOldGen       total 86016K, used 8503K [0x00000000a0000000, 0x00000000a5400000, 0x00000000e0000000)
  object space 86016K, 9% used [0x00000000a0000000,0x00000000a084dfc0,0x00000000a5400000)
 Metaspace       used 20691K, capacity 21134K, committed 21296K, reserved 1067008K
  class space    used 2956K, capacity 3119K, committed 3200K, reserved 1048576K
Event: 3.190 GC heap after
Heap after GC invocations=6 (full 0):
 PSYoungGen      total 75776K, used 7417K [0x00000000e0000000, 0x00000000e5400000, 0x0000000100000000)
  eden space 65536K, 0% used [0x00000000e0000000,0x00000000e0000000,0x00000000e4000000)
  from space 10240K, 72% used [0x00000000e4a00000,0x00000000e513e728,0x00000000e5400000)
  to   space 10240K, 0% used [0x00000000e4000000,0x00000000e4000000,0x00000000e4a00000)
 ParOldGen       total 86016K, used 8511K [0x00000000a0000000, 0x00000000a5400000, 0x00000000e0000000)
  object space 86016K, 9% used [0x00000000a0000000,0x00000000a084ffc0,0x00000000a5400000)
 Metaspace       used 20691K, capacity 21134K, committed 21296K, reserved 1067008K
  class space    used 2956K, capacity 3119K, committed 3200K, reserved 1048576K
}
Event: 3.190 GC heap before
{Heap before GC invocations=7 (full 1):
 PSYoungGen      total 75776K, used 7417K [0x00000000e0000000, 0x00000000e5400000, 0x0000000100000000)
  eden space 65536K, 0% used [0x00000000e0000000,0x00000000e0000000,0x00000000e4000000)
  from space 10240K, 72% used [0x00000000e4a00000,0x00000000e513e728,0x00000000e5400000)
  to   space 10240K, 0% used [0x00000000e4000000,0x00000000e4000000,0x00000000e4a00000)
 ParOldGen       total 86016K, used 8511K [0x00000000a0000000, 0x00000000a5400000, 0x00000000e0000000)
  object space 86016K, 9% used [0x00000000a0000000,0x00000000a084ffc0,0x00000000a5400000)
 Metaspace       used 20691K, capacity 21134K, committed 21296K, reserved 1067008K
  class space    used 2956K, capacity 3119K, committed 3200K, reserved 1048576K
Event: 3.224 GC heap after
Heap after GC invocations=7 (full 1):
 PSYoungGen      total 75776K, used 0K [0x00000000e0000000, 0x00000000e5400000, 0x0000000100000000)
  eden space 65536K, 0% used [0x00000000e0000000,0x00000000e0000000,0x00000000e4000000)
  from space 10240K, 0% used [0x00000000e4a00000,0x00000000e4a00000,0x00000000e5400000)
  to   space 10240K, 0% used [0x00000000e4000000,0x00000000e4000000,0x00000000e4a00000)
 ParOldGen       total 57856K, used 9116K [0x00000000a0000000, 0x00000000a3880000, 0x00000000e0000000)
  object space 57856K, 15% used [0x00000000a0000000,0x00000000a08e7040,0x00000000a3880000)
 Metaspace       used 20691K, capacity 21134K, committed 21296K, reserved 1067008K
  class space    used 2956K, capacity 3119K, committed 3200K, reserved 1048576K
}
Event: 3.974 GC heap before
{Heap before GC invocations=8 (full 1):
 PSYoungGen      total 75776K, used 65536K [0x00000000e0000000, 0x00000000e5400000, 0x0000000100000000)
  eden space 65536K, 100% used [0x00000000e0000000,0x00000000e4000000,0x00000000e4000000)
  from space 10240K, 0% used [0x00000000e4a00000,0x00000000e4a00000,0x00000000e5400000)
  to   space 10240K, 0% used [0x00000000e4000000,0x00000000e4000000,0x00000000e4a00000)
 ParOldGen       total 57856K, used 9116K [0x00000000a0000000, 0x00000000a3880000, 0x00000000e0000000)
  object space 57856K, 15% used [0x00000000a0000000,0x00000000a08e7040,0x00000000a3880000)
 Metaspace       used 29003K, capacity 29538K, committed 29696K, reserved 1075200K
  class space    used 3924K, capacity 4096K, committed 4096K, reserved 1048576K
Event: 3.982 GC heap after
Heap after GC invocations=8 (full 1):
 PSYoungGen      total 75776K, used 8096K [0x00000000e0000000, 0x00000000e5400000, 0x0000000100000000)
  eden space 65536K, 0% used [0x00000000e0000000,0x00000000e0000000,0x00000000e4000000)
  from space 10240K, 79% used [0x00000000e4000000,0x00000000e47e8280,0x00000000e4a00000)
  to   space 10240K, 0% used [0x00000000e4a00000,0x00000000e4a00000,0x00000000e5400000)
 ParOldGen       total 57856K, used 9124K [0x00000000a0000000, 0x00000000a3880000, 0x00000000e0000000)
  object space 57856K, 15% used [0x00000000a0000000,0x00000000a08e9040,0x00000000a3880000)
 Metaspace       used 29003K, capacity 29538K, committed 29696K, reserved 1075200K
  class space    used 3924K, capacity 4096K, committed 4096K, reserved 1048576K
}

